<?xml version="1.0" encoding="UTF-8"?>
<!-- Generated by org.testng.reporters.JUnitXMLReporter -->
<testsuite ignored="1" hostname="LAPTOP-M6RGJG8B" failures="0" tests="3" name="Default test" time="0.049" errors="0" timestamp="2022-12-21T07:34:31 IST">
  <testcase classname="projecttesting.priority" name="m31" time="0.012"/>
  <testcase classname="projecttesting.priority" name="m32" time="0.001"/>
  <testcase classname="projecttesting.priority" name="m5" time="0.001"/>
  <testcase classname="projecttesting.priority" name="m6" time="0.0">
    <ignored/>
  </testcase> <!-- m6 -->
</testsuite> <!-- Default test -->
