<?xml version="1.0" encoding="UTF-8"?>
<!-- Generated by org.testng.reporters.JUnitXMLReporter -->
<testsuite ignored="1" hostname="LAPTOP-M6RGJG8B" failures="0" tests="13" name="sample" time="0.093" errors="0" timestamp="2022-12-19T20:56:42 IST">
  <testcase classname="projecttesting.TEstNG" name="m1" time="0.006"/>
  <testcase classname="projecttesting.TEstNG" name="m2" time="0.003"/>
  <testcase classname="projecttesting.test2" name="m3" time="0.002"/>
  <testcase classname="projecttesting.TEST3" name="m3" time="0.001"/>
  <testcase classname="projecttesting.TEST3" name="m4" time="0.002"/>
  <testcase classname="projecttesting.TEST3" name="m5" time="0.003"/>
  <testcase classname="projecttesting.testsuite" name="beforeSuite" time="0.001"/>
  <testcase classname="projecttesting.beforeafter" name="aftergroup" time="0.002"/>
  <testcase classname="projecttesting.priority" name="m8" time="0.001"/>
  <testcase classname="projecttesting.example" name="m1" time="0.001"/>
  <testcase classname="projecttesting.example" name="m2" time="0.001"/>
  <testcase classname="projecttesting.example" name="m7" time="0.001"/>
  <testcase classname="projecttesting.example" name="m6" time="0.001"/>
  <testcase classname="projecttesting.priority" name="m9" time="0.0">
    <ignored/>
  </testcase> <!-- m9 -->
</testsuite> <!-- sample -->
