<?xml version="1.0" encoding="UTF-8"?>
<!-- Generated by org.testng.reporters.JUnitXMLReporter -->
<testsuite ignored="1" hostname="LAPTOP-M6RGJG8B" failures="0" tests="5" name="Test" time="0.072" errors="0" timestamp="2022-12-21T06:57:27 IST">
  <testcase classname="projecttesting.example" name="m1" time="0.014"/>
  <testcase classname="projecttesting.example" name="m2" time="0.001"/>
  <testcase classname="projecttesting.example" name="m4" time="0.001"/>
  <testcase classname="projecttesting.example" name="m3" time="0.001"/>
  <testcase classname="projecttesting.priority" name="m5" time="0.001"/>
  <testcase classname="projecttesting.priority" name="m6" time="0.0">
    <ignored/>
  </testcase> <!-- m6 -->
</testsuite> <!-- Test -->
