<?xml version="1.0" encoding="UTF-8"?>
<!-- Generated by org.testng.reporters.JUnitXMLReporter -->
<testsuite ignored="2" hostname="LAPTOP-M6RGJG8B" failures="0" tests="7" name="Test2" time="0.03" errors="0" timestamp="2022-12-28T22:45:28 IST">
  <testcase classname="projecttesting.example" name="m1" time="0.002"/>
  <testcase classname="projecttesting.example" name="m2" time="0.003"/>
  <testcase classname="projecttesting.example" name="m4" time="0.003"/>
  <testcase classname="projecttesting.example" name="m3" time="0.001"/>
  <testcase classname="projecttesting.priority" name="m31" time="0.001"/>
  <testcase classname="projecttesting.priority" name="m5" time="0.002"/>
  <testcase classname="projecttesting.beforeafter" name="aftergroup" time="0.001"/>
  <testcase classname="projecttesting.priority" name="m32" time="0.0">
    <ignored/>
  </testcase> <!-- m32 -->
  <testcase classname="projecttesting.priority" name="m6" time="0.0">
    <ignored/>
  </testcase> <!-- m6 -->
</testsuite> <!-- Test2 -->
