<?xml version="1.0" encoding="UTF-8"?>
<!-- Generated by org.testng.reporters.JUnitXMLReporter -->
<testsuite ignored="2" hostname="LAPTOP-M6RGJG8B" failures="0" tests="4" name="Test1" time="0.094" errors="0" timestamp="2022-12-28T22:45:28 IST">
  <testcase classname="projecttesting.priority" name="m31" time="0.015"/>
  <testcase classname="projecttesting.priority" name="m5" time="0.002"/>
  <testcase classname="projecttesting.testsuite" name="beforeSuite" time="0.002"/>
  <testcase classname="projecttesting.beforeafter" name="aftergroup" time="0.001"/>
  <testcase classname="projecttesting.priority" name="m32" time="0.0">
    <ignored/>
  </testcase> <!-- m32 -->
  <testcase classname="projecttesting.priority" name="m6" time="0.0">
    <ignored/>
  </testcase> <!-- m6 -->
</testsuite> <!-- Test1 -->
