<?xml version="1.0" encoding="UTF-8"?>
<testng-results ignored="4" total="15" passed="11" failed="0" skipped="0">
  <reporter-output>
  </reporter-output>
  <suite started-at="2022-12-28T22:45:28 IST" name="Suite" finished-at="2022-12-28T22:45:28 IST" duration-ms="246">
    <groups>
      <group name="group1">
        <method signature="priority.m31()[pri:1, instance:projecttesting.priority@6eda5c9]" name="m31" class="projecttesting.priority"/>
        <method signature="priority.m31()[pri:1, instance:projecttesting.priority@747ddf94]" name="m31" class="projecttesting.priority"/>
      </group> <!-- group1 -->
    </groups>
    <test started-at="2022-12-28T22:45:28 IST" name="Test1" finished-at="2022-12-28T22:45:28 IST" duration-ms="94">
      <class name="projecttesting.testsuite">
        <test-method signature="beforeSuite()[pri:0, instance:projecttesting.testsuite@4cc451f2]" started-at="2022-12-28T22:45:28 IST" name="beforeSuite" finished-at="2022-12-28T22:45:28 IST" duration-ms="2" status="PASS">
          <reporter-output>
          </reporter-output>
        </test-method> <!-- beforeSuite -->
      </class> <!-- projecttesting.testsuite -->
      <class name="projecttesting.beforeafter">
        <test-method is-config="true" signature="beforetest()[pri:0, instance:projecttesting.beforeafter@6379eb]" started-at="2022-12-28T22:45:28 IST" name="beforetest" finished-at="2022-12-28T22:45:28 IST" duration-ms="1" status="PASS">
          <reporter-output>
          </reporter-output>
        </test-method> <!-- beforetest -->
        <test-method is-config="true" signature="beforeclass()[pri:0, instance:projecttesting.beforeafter@6379eb]" started-at="2022-12-28T22:45:28 IST" name="beforeclass" finished-at="2022-12-28T22:45:28 IST" duration-ms="1" status="PASS">
          <reporter-output>
          </reporter-output>
        </test-method> <!-- beforeclass -->
        <test-method is-config="true" signature="beforemethod()[pri:0, instance:projecttesting.beforeafter@6379eb]" started-at="2022-12-28T22:45:28 IST" name="beforemethod" finished-at="2022-12-28T22:45:28 IST" duration-ms="1" status="PASS">
          <reporter-output>
          </reporter-output>
        </test-method> <!-- beforemethod -->
        <test-method signature="aftergroup()[pri:0, instance:projecttesting.beforeafter@6379eb]" started-at="2022-12-28T22:45:28 IST" name="aftergroup" finished-at="2022-12-28T22:45:28 IST" duration-ms="1" status="PASS">
          <reporter-output>
          </reporter-output>
        </test-method> <!-- aftergroup -->
        <test-method is-config="true" signature="aftermethod()[pri:0, instance:projecttesting.beforeafter@6379eb]" started-at="2022-12-28T22:45:28 IST" name="aftermethod" finished-at="2022-12-28T22:45:28 IST" duration-ms="2" status="PASS">
          <reporter-output>
          </reporter-output>
        </test-method> <!-- aftermethod -->
        <test-method is-config="true" signature="aftertest()[pri:0, instance:projecttesting.beforeafter@6379eb]" started-at="2022-12-28T22:45:28 IST" name="aftertest" finished-at="2022-12-28T22:45:28 IST" duration-ms="0" status="PASS">
          <reporter-output>
          </reporter-output>
        </test-method> <!-- aftertest -->
        <test-method is-config="true" signature="afterclass()[pri:0, instance:projecttesting.beforeafter@6379eb]" started-at="2022-12-28T22:45:28 IST" name="afterclass" finished-at="2022-12-28T22:45:28 IST" duration-ms="0" status="PASS">
          <reporter-output>
          </reporter-output>
        </test-method> <!-- afterclass -->
      </class> <!-- projecttesting.beforeafter -->
      <class name="projecttesting.priority">
        <test-method signature="m31()[pri:1, instance:projecttesting.priority@6eda5c9]" started-at="2022-12-28T22:45:28 IST" name="m31" finished-at="2022-12-28T22:45:28 IST" duration-ms="15" status="PASS">
          <reporter-output>
          </reporter-output>
        </test-method> <!-- m31 -->
        <test-method signature="m5()[pri:3, instance:projecttesting.priority@6eda5c9]" started-at="2022-12-28T22:45:28 IST" name="m5" finished-at="2022-12-28T22:45:28 IST" duration-ms="2" status="PASS">
          <reporter-output>
          </reporter-output>
        </test-method> <!-- m5 -->
      </class> <!-- projecttesting.priority -->
    </test> <!-- Test1 -->
    <test started-at="2022-12-28T22:45:28 IST" name="Test2" finished-at="2022-12-28T22:45:28 IST" duration-ms="30">
      <class name="projecttesting.testsuite">
        <test-method is-config="true" signature="beforeSuite()[pri:0, instance:projecttesting.testsuite@4cc451f2]" started-at="2022-12-28T22:45:28 IST" name="beforeSuite" finished-at="2022-12-28T22:45:28 IST" duration-ms="13" status="PASS">
          <reporter-output>
          </reporter-output>
        </test-method> <!-- beforeSuite -->
        <test-method is-config="true" signature="AfterSuite()[pri:0, instance:projecttesting.testsuite@4cc451f2]" started-at="2022-12-28T22:45:28 IST" name="AfterSuite" finished-at="2022-12-28T22:45:28 IST" duration-ms="0" status="PASS">
          <reporter-output>
          </reporter-output>
        </test-method> <!-- AfterSuite -->
      </class> <!-- projecttesting.testsuite -->
      <class name="projecttesting.beforeafter">
        <test-method is-config="true" signature="beforetest()[pri:0, instance:projecttesting.beforeafter@35e2d654]" started-at="2022-12-28T22:45:28 IST" name="beforetest" finished-at="2022-12-28T22:45:28 IST" duration-ms="0" status="PASS">
          <reporter-output>
          </reporter-output>
        </test-method> <!-- beforetest -->
        <test-method is-config="true" signature="beforeclass()[pri:0, instance:projecttesting.beforeafter@35e2d654]" started-at="2022-12-28T22:45:28 IST" name="beforeclass" finished-at="2022-12-28T22:45:28 IST" duration-ms="0" status="PASS">
          <reporter-output>
          </reporter-output>
        </test-method> <!-- beforeclass -->
        <test-method is-config="true" signature="beforemethod()[pri:0, instance:projecttesting.beforeafter@35e2d654]" started-at="2022-12-28T22:45:28 IST" name="beforemethod" finished-at="2022-12-28T22:45:28 IST" duration-ms="0" status="PASS">
          <reporter-output>
          </reporter-output>
        </test-method> <!-- beforemethod -->
        <test-method signature="aftergroup()[pri:0, instance:projecttesting.beforeafter@35e2d654]" started-at="2022-12-28T22:45:28 IST" name="aftergroup" finished-at="2022-12-28T22:45:28 IST" duration-ms="1" status="PASS">
          <reporter-output>
          </reporter-output>
        </test-method> <!-- aftergroup -->
        <test-method is-config="true" signature="afterclass()[pri:0, instance:projecttesting.beforeafter@35e2d654]" started-at="2022-12-28T22:45:28 IST" name="afterclass" finished-at="2022-12-28T22:45:28 IST" duration-ms="1" status="PASS">
          <reporter-output>
          </reporter-output>
        </test-method> <!-- afterclass -->
        <test-method is-config="true" signature="aftermethod()[pri:0, instance:projecttesting.beforeafter@35e2d654]" started-at="2022-12-28T22:45:28 IST" name="aftermethod" finished-at="2022-12-28T22:45:28 IST" duration-ms="0" status="PASS">
          <reporter-output>
          </reporter-output>
        </test-method> <!-- aftermethod -->
        <test-method is-config="true" signature="aftertest()[pri:0, instance:projecttesting.beforeafter@35e2d654]" started-at="2022-12-28T22:45:28 IST" name="aftertest" finished-at="2022-12-28T22:45:28 IST" duration-ms="0" status="PASS">
          <reporter-output>
          </reporter-output>
        </test-method> <!-- aftertest -->
      </class> <!-- projecttesting.beforeafter -->
      <class name="projecttesting.example">
        <test-method signature="m1()[pri:0, instance:projecttesting.example@2f9f7dcf]" started-at="2022-12-28T22:45:28 IST" name="m1" description="test 1 method" finished-at="2022-12-28T22:45:28 IST" duration-ms="2" status="PASS">
          <reporter-output>
          </reporter-output>
        </test-method> <!-- m1 -->
        <test-method signature="m2()[pri:0, instance:projecttesting.example@2f9f7dcf]" started-at="2022-12-28T22:45:28 IST" name="m2" description="test 2 method" finished-at="2022-12-28T22:45:28 IST" duration-ms="3" status="PASS">
          <reporter-output>
          </reporter-output>
        </test-method> <!-- m2 -->
        <test-method signature="m4()[pri:1, instance:projecttesting.example@2f9f7dcf]" started-at="2022-12-28T22:45:28 IST" name="m4" finished-at="2022-12-28T22:45:28 IST" duration-ms="3" status="PASS">
          <reporter-output>
          </reporter-output>
        </test-method> <!-- m4 -->
        <test-method signature="m3()[pri:2, instance:projecttesting.example@2f9f7dcf]" started-at="2022-12-28T22:45:28 IST" name="m3" finished-at="2022-12-28T22:45:28 IST" duration-ms="1" status="PASS">
          <reporter-output>
          </reporter-output>
        </test-method> <!-- m3 -->
      </class> <!-- projecttesting.example -->
      <class name="projecttesting.priority">
        <test-method signature="m31()[pri:1, instance:projecttesting.priority@747ddf94]" started-at="2022-12-28T22:45:28 IST" name="m31" finished-at="2022-12-28T22:45:28 IST" duration-ms="1" status="PASS">
          <reporter-output>
          </reporter-output>
        </test-method> <!-- m31 -->
        <test-method signature="m5()[pri:3, instance:projecttesting.priority@747ddf94]" started-at="2022-12-28T22:45:28 IST" name="m5" finished-at="2022-12-28T22:45:28 IST" duration-ms="2" status="PASS">
          <reporter-output>
          </reporter-output>
        </test-method> <!-- m5 -->
      </class> <!-- projecttesting.priority -->
    </test> <!-- Test2 -->
  </suite> <!-- Suite -->
</testng-results>
